ARM GAS  /tmp/ccsZ7WJ7.s 			page 1


   1              		.syntax unified
   2              		.cpu cortex-m3
   3              		.fpu softvfp
   4              		.eabi_attribute 20, 1
   5              		.eabi_attribute 21, 1
   6              		.eabi_attribute 23, 3
   7              		.eabi_attribute 24, 1
   8              		.eabi_attribute 25, 1
   9              		.eabi_attribute 26, 1
  10              		.eabi_attribute 30, 1
  11              		.eabi_attribute 34, 1
  12              		.eabi_attribute 18, 4
  13              		.thumb
  14              		.syntax unified
  15              		.file	"stm32f1xx_hal_msp.c"
  16              		.text
  17              	.Ltext0:
  18              		.cfi_sections	.debug_frame
  19              		.section	.text.HAL_MspInit,"ax",%progbits
  20              		.align	2
  21              		.global	HAL_MspInit
  22              		.thumb
  23              		.thumb_func
  25              	HAL_MspInit:
  26              	.LFB65:
  27              		.file 1 "Startup/Src/stm32f1xx_hal_msp.c"
   1:Startup/Src/stm32f1xx_hal_msp.c **** /* USER CODE BEGIN Header */
   2:Startup/Src/stm32f1xx_hal_msp.c **** /**
   3:Startup/Src/stm32f1xx_hal_msp.c ****   ******************************************************************************
   4:Startup/Src/stm32f1xx_hal_msp.c ****   * File Name          : stm32f1xx_hal_msp.c
   5:Startup/Src/stm32f1xx_hal_msp.c ****   * Description        : This file provides code for the MSP Initialization 
   6:Startup/Src/stm32f1xx_hal_msp.c ****   *                      and de-Initialization codes.
   7:Startup/Src/stm32f1xx_hal_msp.c ****   ******************************************************************************
   8:Startup/Src/stm32f1xx_hal_msp.c ****   * @attention
   9:Startup/Src/stm32f1xx_hal_msp.c ****   *
  10:Startup/Src/stm32f1xx_hal_msp.c ****   * <h2><center>&copy; Copyright (c) 2020 STMicroelectronics.
  11:Startup/Src/stm32f1xx_hal_msp.c ****   * All rights reserved.</center></h2>
  12:Startup/Src/stm32f1xx_hal_msp.c ****   *
  13:Startup/Src/stm32f1xx_hal_msp.c ****   * This software component is licensed by ST under Ultimate Liberty license
  14:Startup/Src/stm32f1xx_hal_msp.c ****   * SLA0044, the "License"; You may not use this file except in compliance with
  15:Startup/Src/stm32f1xx_hal_msp.c ****   * the License. You may obtain a copy of the License at:
  16:Startup/Src/stm32f1xx_hal_msp.c ****   *                             www.st.com/SLA0044
  17:Startup/Src/stm32f1xx_hal_msp.c ****   *
  18:Startup/Src/stm32f1xx_hal_msp.c ****   ******************************************************************************
  19:Startup/Src/stm32f1xx_hal_msp.c ****   */
  20:Startup/Src/stm32f1xx_hal_msp.c **** /* USER CODE END Header */
  21:Startup/Src/stm32f1xx_hal_msp.c **** 
  22:Startup/Src/stm32f1xx_hal_msp.c **** /* Includes ------------------------------------------------------------------*/
  23:Startup/Src/stm32f1xx_hal_msp.c **** #include "main.h"
  24:Startup/Src/stm32f1xx_hal_msp.c **** /* USER CODE BEGIN Includes */
  25:Startup/Src/stm32f1xx_hal_msp.c **** 
  26:Startup/Src/stm32f1xx_hal_msp.c **** /* USER CODE END Includes */
  27:Startup/Src/stm32f1xx_hal_msp.c **** 
  28:Startup/Src/stm32f1xx_hal_msp.c **** /* Private typedef -----------------------------------------------------------*/
  29:Startup/Src/stm32f1xx_hal_msp.c **** /* USER CODE BEGIN TD */
  30:Startup/Src/stm32f1xx_hal_msp.c **** 
  31:Startup/Src/stm32f1xx_hal_msp.c **** /* USER CODE END TD */
ARM GAS  /tmp/ccsZ7WJ7.s 			page 2


  32:Startup/Src/stm32f1xx_hal_msp.c **** 
  33:Startup/Src/stm32f1xx_hal_msp.c **** /* Private define ------------------------------------------------------------*/
  34:Startup/Src/stm32f1xx_hal_msp.c **** /* USER CODE BEGIN Define */
  35:Startup/Src/stm32f1xx_hal_msp.c ****  
  36:Startup/Src/stm32f1xx_hal_msp.c **** /* USER CODE END Define */
  37:Startup/Src/stm32f1xx_hal_msp.c **** 
  38:Startup/Src/stm32f1xx_hal_msp.c **** /* Private macro -------------------------------------------------------------*/
  39:Startup/Src/stm32f1xx_hal_msp.c **** /* USER CODE BEGIN Macro */
  40:Startup/Src/stm32f1xx_hal_msp.c **** 
  41:Startup/Src/stm32f1xx_hal_msp.c **** /* USER CODE END Macro */
  42:Startup/Src/stm32f1xx_hal_msp.c **** 
  43:Startup/Src/stm32f1xx_hal_msp.c **** /* Private variables ---------------------------------------------------------*/
  44:Startup/Src/stm32f1xx_hal_msp.c **** /* USER CODE BEGIN PV */
  45:Startup/Src/stm32f1xx_hal_msp.c **** 
  46:Startup/Src/stm32f1xx_hal_msp.c **** /* USER CODE END PV */
  47:Startup/Src/stm32f1xx_hal_msp.c **** 
  48:Startup/Src/stm32f1xx_hal_msp.c **** /* Private function prototypes -----------------------------------------------*/
  49:Startup/Src/stm32f1xx_hal_msp.c **** /* USER CODE BEGIN PFP */
  50:Startup/Src/stm32f1xx_hal_msp.c **** 
  51:Startup/Src/stm32f1xx_hal_msp.c **** /* USER CODE END PFP */
  52:Startup/Src/stm32f1xx_hal_msp.c **** 
  53:Startup/Src/stm32f1xx_hal_msp.c **** /* External functions --------------------------------------------------------*/
  54:Startup/Src/stm32f1xx_hal_msp.c **** /* USER CODE BEGIN ExternalFunctions */
  55:Startup/Src/stm32f1xx_hal_msp.c **** 
  56:Startup/Src/stm32f1xx_hal_msp.c **** /* USER CODE END ExternalFunctions */
  57:Startup/Src/stm32f1xx_hal_msp.c **** 
  58:Startup/Src/stm32f1xx_hal_msp.c **** /* USER CODE BEGIN 0 */
  59:Startup/Src/stm32f1xx_hal_msp.c **** 
  60:Startup/Src/stm32f1xx_hal_msp.c **** /* USER CODE END 0 */
  61:Startup/Src/stm32f1xx_hal_msp.c **** /**
  62:Startup/Src/stm32f1xx_hal_msp.c ****   * Initializes the Global MSP.
  63:Startup/Src/stm32f1xx_hal_msp.c ****   */
  64:Startup/Src/stm32f1xx_hal_msp.c **** void HAL_MspInit(void)
  65:Startup/Src/stm32f1xx_hal_msp.c **** {
  28              		.loc 1 65 0
  29              		.cfi_startproc
  30              		@ args = 0, pretend = 0, frame = 8
  31              		@ frame_needed = 0, uses_anonymous_args = 0
  32              		@ link register save eliminated.
  33 0000 82B0     		sub	sp, sp, #8
  34              	.LCFI0:
  35              		.cfi_def_cfa_offset 8
  36              	.LBB2:
  66:Startup/Src/stm32f1xx_hal_msp.c ****   /* USER CODE BEGIN MspInit 0 */
  67:Startup/Src/stm32f1xx_hal_msp.c **** 
  68:Startup/Src/stm32f1xx_hal_msp.c ****   /* USER CODE END MspInit 0 */
  69:Startup/Src/stm32f1xx_hal_msp.c **** 
  70:Startup/Src/stm32f1xx_hal_msp.c ****   __HAL_RCC_AFIO_CLK_ENABLE();
  37              		.loc 1 70 0
  38 0002 0E4B     		ldr	r3, .L3
  39 0004 9A69     		ldr	r2, [r3, #24]
  40 0006 42F00102 		orr	r2, r2, #1
  41 000a 9A61     		str	r2, [r3, #24]
  42 000c 9A69     		ldr	r2, [r3, #24]
  43 000e 02F00102 		and	r2, r2, #1
  44 0012 0092     		str	r2, [sp]
  45 0014 009A     		ldr	r2, [sp]
ARM GAS  /tmp/ccsZ7WJ7.s 			page 3


  46              	.LBE2:
  47              	.LBB3:
  71:Startup/Src/stm32f1xx_hal_msp.c ****   __HAL_RCC_PWR_CLK_ENABLE();
  48              		.loc 1 71 0
  49 0016 DA69     		ldr	r2, [r3, #28]
  50 0018 42F08052 		orr	r2, r2, #268435456
  51 001c DA61     		str	r2, [r3, #28]
  52 001e DB69     		ldr	r3, [r3, #28]
  53 0020 03F08053 		and	r3, r3, #268435456
  54 0024 0193     		str	r3, [sp, #4]
  55 0026 019B     		ldr	r3, [sp, #4]
  56              	.LBE3:
  57              	.LBB4:
  72:Startup/Src/stm32f1xx_hal_msp.c **** 
  73:Startup/Src/stm32f1xx_hal_msp.c ****   /* System interrupt init*/
  74:Startup/Src/stm32f1xx_hal_msp.c **** 
  75:Startup/Src/stm32f1xx_hal_msp.c ****   /** DISABLE: JTAG-DP Disabled and SW-DP Disabled 
  76:Startup/Src/stm32f1xx_hal_msp.c ****   */
  77:Startup/Src/stm32f1xx_hal_msp.c ****   __HAL_AFIO_REMAP_SWJ_DISABLE();
  58              		.loc 1 77 0
  59 0028 054A     		ldr	r2, .L3+4
  60 002a 5368     		ldr	r3, [r2, #4]
  61              	.LVL0:
  62 002c 23F0E063 		bic	r3, r3, #117440512
  63              	.LVL1:
  64 0030 43F08063 		orr	r3, r3, #67108864
  65              	.LVL2:
  66 0034 5360     		str	r3, [r2, #4]
  67              	.LBE4:
  78:Startup/Src/stm32f1xx_hal_msp.c **** 
  79:Startup/Src/stm32f1xx_hal_msp.c ****   /* USER CODE BEGIN MspInit 1 */
  80:Startup/Src/stm32f1xx_hal_msp.c **** 
  81:Startup/Src/stm32f1xx_hal_msp.c ****   /* USER CODE END MspInit 1 */
  82:Startup/Src/stm32f1xx_hal_msp.c **** }
  68              		.loc 1 82 0
  69 0036 02B0     		add	sp, sp, #8
  70              	.LCFI1:
  71              		.cfi_def_cfa_offset 0
  72              		@ sp needed
  73 0038 7047     		bx	lr
  74              	.L4:
  75 003a 00BF     		.align	2
  76              	.L3:
  77 003c 00100240 		.word	1073876992
  78 0040 00000140 		.word	1073807360
  79              		.cfi_endproc
  80              	.LFE65:
  82              		.text
  83              	.Letext0:
  84              		.file 2 "rt_thread/components/libc/compilers/minilibc/stdint.h"
  85              		.file 3 "Drivers/CMSIS/Device/ST/STM32F1xx/Include/stm32f103xb.h"
  86              		.file 4 "Drivers/CMSIS/Include/core_cm3.h"
ARM GAS  /tmp/ccsZ7WJ7.s 			page 4


DEFINED SYMBOLS
                            *ABS*:0000000000000000 stm32f1xx_hal_msp.c
     /tmp/ccsZ7WJ7.s:20     .text.HAL_MspInit:0000000000000000 $t
     /tmp/ccsZ7WJ7.s:25     .text.HAL_MspInit:0000000000000000 HAL_MspInit
     /tmp/ccsZ7WJ7.s:77     .text.HAL_MspInit:000000000000003c $d
                     .debug_frame:0000000000000010 $d

NO UNDEFINED SYMBOLS
